<?xml version="1.0" encoding="UTF-8"?>
<!-- Generated by org.testng.reporters.JUnitReportReporter -->
<testsuite hostname="QSPCOM101" failures="0" tests="3" name="ExtentReport.ExecuteWithlisteners" time="5.174" errors="1" timestamp="2024-07-29T14:14:10 IST" skipped="1">
  <testcase classname="ExtentReport.ExecuteWithlisteners" name="dominos" time="4.139">
    <system-out>
      <![CDATA[dominos is executed
my stomach is hungry]]>
    </system-out>
  </testcase> <!-- dominos -->
  <testcase classname="ExtentReport.ExecuteWithlisteners" name="rcb" time="1.034">
    <error message="Method ExtentReport.ExecuteWithlisteners.rcb() didn&#039;t finish within the time-out 1000" type="org.testng.internal.thread.ThreadTimeoutException">
      <![CDATA[org.testng.internal.thread.ThreadTimeoutException: Method ExtentReport.ExecuteWithlisteners.rcb() didn't finish within the time-out 1000
at java.base/java.util.Date.<init>(Date.java:175)
at java.base/java.util.Date.<init>(Date.java:163)
at java.base/sun.security.pkcs12.PKCS12KeyStore$CertEntry.<init>(PKCS12KeyStore.java:234)
at java.base/sun.security.pkcs12.PKCS12KeyStore.loadSafeContents(PKCS12KeyStore.java:2543)
at java.base/sun.security.pkcs12.PKCS12KeyStore.engineLoad(PKCS12KeyStore.java:2004)
at java.base/sun.security.util.KeyStoreDelegator.engineLoad(KeyStoreDelegator.java:228)
at java.base/java.security.KeyStore.load(KeyStore.java:1500)
at java.base/sun.security.ssl.TrustStoreManager$TrustAnchorManager.loadKeyStore(TrustStoreManager.java:389)
at java.base/sun.security.ssl.TrustStoreManager$TrustAnchorManager.getTrustedCerts(TrustStoreManager.java:335)
at java.base/sun.security.ssl.TrustStoreManager.getTrustedCerts(TrustStoreManager.java:57)
at java.base/sun.security.ssl.TrustManagerFactoryImpl.engineInit(TrustManagerFactoryImpl.java:48)
at java.base/javax.net.ssl.TrustManagerFactory.init(TrustManagerFactory.java:277)
at java.base/sun.security.ssl.SSLContextImpl.engineInit(SSLContextImpl.java:91)
at java.base/javax.net.ssl.SSLContext.init(SSLContext.java:314)
at io.netty.handler.ssl.JdkSslContext$Defaults.init(JdkSslContext.java:100)
at io.netty.handler.ssl.JdkSslContext.<clinit>(JdkSslContext.java:73)
at io.netty.handler.ssl.SslContext.newClientContextInternal(SslContext.java:825)
at io.netty.handler.ssl.SslContextBuilder.build(SslContextBuilder.java:615)
at org.asynchttpclient.netty.ssl.DefaultSslEngineFactory.buildSslContext(DefaultSslEngineFactory.java:59)
at org.asynchttpclient.netty.ssl.DefaultSslEngineFactory.init(DefaultSslEngineFactory.java:74)
at org.asynchttpclient.netty.channel.ChannelManager.<init>(ChannelManager.java:104)
at org.asynchttpclient.DefaultAsyncHttpClient.<init>(DefaultAsyncHttpClient.java:92)
at org.asynchttpclient.Dsl.asyncHttpClient(Dsl.java:32)
at org.openqa.selenium.remote.http.netty.NettyClient.createHttpClient(NettyClient.java:91)
at org.openqa.selenium.remote.http.netty.NettyClient.<clinit>(NettyClient.java:43)
at org.openqa.selenium.remote.http.netty.NettyClient$Factory.createClient(NettyClient.java:124)
at org.openqa.selenium.remote.HttpCommandExecutor.<init>(HttpCommandExecutor.java:115)
at org.openqa.selenium.remote.HttpCommandExecutor.<init>(HttpCommandExecutor.java:92)
at org.openqa.selenium.remote.service.DriverCommandExecutor.<init>(DriverCommandExecutor.java:89)
at org.openqa.selenium.chromium.ChromiumDriverCommandExecutor.<init>(ChromiumDriverCommandExecutor.java:43)
at org.openqa.selenium.chrome.ChromeDriver$ChromeDriverCommandExecutor.<init>(ChromeDriver.java:115)
at org.openqa.selenium.chrome.ChromeDriver.generateExecutor(ChromeDriver.java:105)
at org.openqa.selenium.chrome.ChromeDriver.<init>(ChromeDriver.java:88)
at org.openqa.selenium.chrome.ChromeDriver.<init>(ChromeDriver.java:83)
at org.openqa.selenium.chrome.ChromeDriver.<init>(ChromeDriver.java:51)
at ExtentReport.ExecuteWithlisteners.rcb(ExecuteWithlisteners.java:22)
at java.base/jdk.internal.reflect.DirectMethodHandleAccessor.invoke(DirectMethodHandleAccessor.java:103)
at java.base/java.lang.reflect.Method.invoke(Method.java:580)
at org.testng.internal.invokers.MethodInvocationHelper.invokeMethod(MethodInvocationHelper.java:139)
at org.testng.internal.invokers.InvokeMethodRunnable.runOne(InvokeMethodRunnable.java:47)
at org.testng.internal.invokers.InvokeMethodRunnable.call(InvokeMethodRunnable.java:76)
at org.testng.internal.invokers.InvokeMethodRunnable.call(InvokeMethodRunnable.java:11)
at java.base/java.util.concurrent.FutureTask.run(FutureTask.java:317)
at java.base/java.util.concurrent.ThreadPoolExecutor.runWorker(ThreadPoolExecutor.java:1144)
at java.base/java.util.concurrent.ThreadPoolExecutor$Worker.run(ThreadPoolExecutor.java:642)
at java.base/java.lang.Thread.run(Thread.java:1583)
]]>
    </error>
    <system-out>
      <![CDATA[rcb is executed]]>
    </system-out>
  </testcase> <!-- rcb -->
  <testcase classname="ExtentReport.ExecuteWithlisteners" name="csk" time="0.001">
    <skipped/>
  </testcase> <!-- csk -->
  <system-out>
    <![CDATA[rcb is executed
dominos is executed
my stomach is hungry]]>
  </system-out>
</testsuite> <!-- ExtentReport.ExecuteWithlisteners -->
